TN:
SF:app.js
FN:19,(anonymous_0)
FN:41,(anonymous_1)
FN:45,(anonymous_2)
FN:55,(anonymous_3)
FN:60,(anonymous_4)
FN:68,(anonymous_5)
FN:75,(anonymous_6)
FN:82,(anonymous_7)
FNF:8
FNH:7
FNDA:1,(anonymous_0)
FNDA:8,(anonymous_1)
FNDA:8,(anonymous_2)
FNDA:0,(anonymous_3)
FNDA:1,(anonymous_4)
FNDA:1,(anonymous_5)
FNDA:1,(anonymous_6)
FNDA:1,(anonymous_7)
DA:1,1
DA:2,1
DA:3,1
DA:4,1
DA:5,1
DA:6,1
DA:7,1
DA:10,1
DA:11,1
DA:12,1
DA:14,1
DA:20,1
DA:21,0
DA:27,1
DA:29,1
DA:37,1
DA:41,1
DA:43,8
DA:46,8
DA:47,0
DA:48,0
DA:50,8
DA:55,1
DA:56,0
DA:60,1
DA:61,1
DA:62,1
DA:68,1
DA:69,1
DA:70,1
DA:75,1
DA:76,1
DA:77,1
DA:82,1
DA:83,1
DA:87,1
LF:36
LH:32
BRDA:20,0,0,0
BRDA:20,0,1,1
BRDA:46,1,0,0
BRDA:46,1,1,8
BRF:4
BRH:2
end_of_record
